<?xml version="1.0" encoding="UTF-8"?>
<!-- Generated by org.testng.reporters.JUnitXMLReporter -->
<testsuite ignored="2" hostname="niuhuluediannao.lan" failures="0" tests="2" name="Group of group Test" time="0.018" errors="0" timestamp="13 Jan 2021 03:05:16 GMT">
  <testcase classname="RgxGroupTest" name="testMethodOne" time="0.005"/>
  <testcase classname="RgxGroupTest" name="testMethodTwo" time="0.0"/>
  <testcase classname="RgxGroupTest" name="testMethodThree" time="0.0">
    <ignored/>
  </testcase> <!-- testMethodThree -->
  <testcase classname="RgxGroupTest" name="testMethodFour" time="0.0">
    <ignored/>
  </testcase> <!-- testMethodFour -->
</testsuite> <!-- Group of group Test -->
