<?xml version="1.0" encoding="UTF-8"?>
<testng-results ignored="2" total="6" passed="4" failed="0" skipped="0">
  <reporter-output>
  </reporter-output>
  <suite started-at="2021-01-13T03:05:16Z" name="Group of group Suite" finished-at="2021-01-13T03:05:16Z" duration-ms="18">
    <groups>
      <group name="include-test-one">
        <method signature="RgxGroupTest.testMethodOne()[pri:0, instance:RgxGroupTest@2de8284b]" name="testMethodOne" class="RgxGroupTest"/>
      </group> <!-- include-test-one -->
      <group name="include-test-two">
        <method signature="RgxGroupTest.testMethodTwo()[pri:0, instance:RgxGroupTest@2de8284b]" name="testMethodTwo" class="RgxGroupTest"/>
      </group> <!-- include-test-two -->
    </groups>
    <test started-at="2021-01-13T03:05:16Z" name="Group of group Test" finished-at="2021-01-13T03:05:16Z" duration-ms="18">
      <class name="RgxGroupTest">
        <test-method signature="testMethodOne()[pri:0, instance:RgxGroupTest@2de8284b]" started-at="2021-01-12T19:05:16Z" name="testMethodOne" finished-at="2021-01-12T19:05:16Z" duration-ms="5" status="PASS">
          <reporter-output>
          </reporter-output>
        </test-method> <!-- testMethodOne -->
        <test-method signature="testMethodTwo()[pri:0, instance:RgxGroupTest@2de8284b]" started-at="2021-01-12T19:05:16Z" name="testMethodTwo" finished-at="2021-01-12T19:05:16Z" duration-ms="0" status="PASS">
          <reporter-output>
          </reporter-output>
        </test-method> <!-- testMethodTwo -->
      </class> <!-- RgxGroupTest -->
    </test> <!-- Group of group Test -->
  </suite> <!-- Group of group Suite -->
  <suite started-at="2021-01-13T03:05:16Z" name="Parallel tests" finished-at="2021-01-13T03:05:16Z" duration-ms="6">
    <groups>
    </groups>
    <test started-at="2021-01-13T03:05:16Z" name="Test One" finished-at="2021-01-13T03:05:16Z" duration-ms="5">
      <class name="ParallelSuiteTest">
        <test-method is-config="true" signature="beforeTest(java.lang.String)[pri:0, instance:ParallelSuiteTest@5c18298f]" started-at="2021-01-12T19:05:16Z" name="beforeTest" finished-at="2021-01-12T19:05:16Z" duration-ms="1" status="PASS">
          <params>
            <param index="0">
              <value>
                <![CDATA[Test-1]]>
              </value>
            </param>
          </params>
          <reporter-output>
          </reporter-output>
        </test-method> <!-- beforeTest -->
        <test-method is-config="true" signature="beforeClass()[pri:0, instance:ParallelSuiteTest@5c18298f]" started-at="2021-01-12T19:05:16Z" name="beforeClass" finished-at="2021-01-12T19:05:16Z" duration-ms="1" status="PASS">
          <reporter-output>
          </reporter-output>
        </test-method> <!-- beforeClass -->
        <test-method is-config="true" signature="afterClass()[pri:0, instance:ParallelSuiteTest@5c18298f]" started-at="2021-01-12T19:05:16Z" name="afterClass" finished-at="2021-01-12T19:05:16Z" duration-ms="1" status="PASS">
          <reporter-output>
          </reporter-output>
        </test-method> <!-- afterClass -->
        <test-method signature="testMethodOne()[pri:0, instance:ParallelSuiteTest@5c18298f]" started-at="2021-01-12T19:05:16Z" name="testMethodOne" finished-at="2021-01-12T19:05:16Z" duration-ms="0" status="PASS">
          <reporter-output>
          </reporter-output>
        </test-method> <!-- testMethodOne -->
        <test-method is-config="true" signature="afterTest()[pri:0, instance:ParallelSuiteTest@5c18298f]" started-at="2021-01-12T19:05:16Z" name="afterTest" finished-at="2021-01-12T19:05:16Z" duration-ms="1" status="PASS">
          <reporter-output>
          </reporter-output>
        </test-method> <!-- afterTest -->
      </class> <!-- ParallelSuiteTest -->
    </test> <!-- Test One -->
    <test started-at="2021-01-13T03:05:16Z" name="Test Two" finished-at="2021-01-13T03:05:16Z" duration-ms="6">
      <class name="ParallelSuiteTest">
        <test-method is-config="true" signature="beforeTest(java.lang.String)[pri:0, instance:ParallelSuiteTest@5d11346a]" started-at="2021-01-12T19:05:16Z" name="beforeTest" finished-at="2021-01-12T19:05:16Z" duration-ms="1" status="PASS">
          <params>
            <param index="0">
              <value>
                <![CDATA[Test-2]]>
              </value>
            </param>
          </params>
          <reporter-output>
          </reporter-output>
        </test-method> <!-- beforeTest -->
        <test-method signature="testMethodOne()[pri:0, instance:ParallelSuiteTest@5d11346a]" started-at="2021-01-12T19:05:16Z" name="testMethodOne" finished-at="2021-01-12T19:05:16Z" duration-ms="1" status="PASS">
          <reporter-output>
          </reporter-output>
        </test-method> <!-- testMethodOne -->
        <test-method is-config="true" signature="beforeClass()[pri:0, instance:ParallelSuiteTest@5d11346a]" started-at="2021-01-12T19:05:16Z" name="beforeClass" finished-at="2021-01-12T19:05:16Z" duration-ms="0" status="PASS">
          <reporter-output>
          </reporter-output>
        </test-method> <!-- beforeClass -->
        <test-method is-config="true" signature="afterClass()[pri:0, instance:ParallelSuiteTest@5d11346a]" started-at="2021-01-12T19:05:16Z" name="afterClass" finished-at="2021-01-12T19:05:16Z" duration-ms="1" status="PASS">
          <reporter-output>
          </reporter-output>
        </test-method> <!-- afterClass -->
        <test-method is-config="true" signature="afterTest()[pri:0, instance:ParallelSuiteTest@5d11346a]" started-at="2021-01-12T19:05:16Z" name="afterTest" finished-at="2021-01-12T19:05:16Z" duration-ms="0" status="PASS">
          <reporter-output>
          </reporter-output>
        </test-method> <!-- afterTest -->
      </class> <!-- ParallelSuiteTest -->
    </test> <!-- Test Two -->
  </suite> <!-- Parallel tests -->
</testng-results>
